Traceback (most recent call last):
  File "/home/pjhoor/miniconda3/envs/jupyterbook/lib/python3.10/site-packages/jupyter_cache/executors/utils.py", line 58, in single_nb_execution
    executenb(
  File "/home/pjhoor/miniconda3/envs/jupyterbook/lib/python3.10/site-packages/nbclient/client.py", line 1314, in execute
    return NotebookClient(nb=nb, resources=resources, km=km, **kwargs).execute()
  File "/home/pjhoor/miniconda3/envs/jupyterbook/lib/python3.10/site-packages/jupyter_core/utils/__init__.py", line 165, in wrapped
    return loop.run_until_complete(inner)
  File "/home/pjhoor/miniconda3/envs/jupyterbook/lib/python3.10/asyncio/base_events.py", line 649, in run_until_complete
    return future.result()
  File "/home/pjhoor/miniconda3/envs/jupyterbook/lib/python3.10/site-packages/nbclient/client.py", line 709, in async_execute
    await self.async_execute_cell(
  File "/home/pjhoor/miniconda3/envs/jupyterbook/lib/python3.10/site-packages/nbclient/client.py", line 1062, in async_execute_cell
    await self._check_raise_for_error(cell, cell_index, exec_reply)
  File "/home/pjhoor/miniconda3/envs/jupyterbook/lib/python3.10/site-packages/nbclient/client.py", line 918, in _check_raise_for_error
    raise CellExecutionError.from_cell_and_msg(cell, exec_reply_content)
nbclient.exceptions.CellExecutionError: An error occurred while executing the following cell:
------------------
# Define new labels for the quartiles
quartile_labels = ["very low", "low", "medium", "high"]

# Create custom legend for the quartiles and missing countries
legend_labels = [f'{quartile_labels[i]} ({quartile_ranges.iloc[i]["min"]:.2f} - {quartile_ranges.iloc[i]["max"]:.2f}) {unit}' for i in range(4)]
legend_patches = [mpatches.Patch(facecolor=colors[i], edgecolor='black', label=legend_labels[i]) for i in range(4)]
------------------


[0;31m---------------------------------------------------------------------------[0m
[0;31mNameError[0m                                 Traceback (most recent call last)
Cell [0;32mIn[2], line 5[0m
[1;32m      2[0m quartile_labels [38;5;241m=[39m [[38;5;124m"[39m[38;5;124mvery low[39m[38;5;124m"[39m, [38;5;124m"[39m[38;5;124mlow[39m[38;5;124m"[39m, [38;5;124m"[39m[38;5;124mmedium[39m[38;5;124m"[39m, [38;5;124m"[39m[38;5;124mhigh[39m[38;5;124m"[39m]
[1;32m      4[0m [38;5;66;03m# Create custom legend for the quartiles and missing countries[39;00m
[0;32m----> 5[0m legend_labels [38;5;241m=[39m [[38;5;124mf[39m[38;5;124m'[39m[38;5;132;01m{[39;00mquartile_labels[i][38;5;132;01m}[39;00m[38;5;124m ([39m[38;5;132;01m{[39;00mquartile_ranges[38;5;241m.[39miloc[i][[38;5;124m"[39m[38;5;124mmin[39m[38;5;124m"[39m][38;5;132;01m:[39;00m[38;5;124m.2f[39m[38;5;132;01m}[39;00m[38;5;124m - [39m[38;5;132;01m{[39;00mquartile_ranges[38;5;241m.[39miloc[i][[38;5;124m"[39m[38;5;124mmax[39m[38;5;124m"[39m][38;5;132;01m:[39;00m[38;5;124m.2f[39m[38;5;132;01m}[39;00m[38;5;124m) [39m[38;5;132;01m{[39;00munit[38;5;132;01m}[39;00m[38;5;124m'[39m [38;5;28;01mfor[39;00m i [38;5;129;01min[39;00m [38;5;28mrange[39m([38;5;241m4[39m)]
[1;32m      6[0m legend_patches [38;5;241m=[39m [mpatches[38;5;241m.[39mPatch(facecolor[38;5;241m=[39mcolors[i], edgecolor[38;5;241m=[39m[38;5;124m'[39m[38;5;124mblack[39m[38;5;124m'[39m, label[38;5;241m=[39mlegend_labels[i]) [38;5;28;01mfor[39;00m i [38;5;129;01min[39;00m [38;5;28mrange[39m([38;5;241m4[39m)]

Cell [0;32mIn[2], line 5[0m, in [0;36m<listcomp>[0;34m(.0)[0m
[1;32m      2[0m quartile_labels [38;5;241m=[39m [[38;5;124m"[39m[38;5;124mvery low[39m[38;5;124m"[39m, [38;5;124m"[39m[38;5;124mlow[39m[38;5;124m"[39m, [38;5;124m"[39m[38;5;124mmedium[39m[38;5;124m"[39m, [38;5;124m"[39m[38;5;124mhigh[39m[38;5;124m"[39m]
[1;32m      4[0m [38;5;66;03m# Create custom legend for the quartiles and missing countries[39;00m
[0;32m----> 5[0m legend_labels [38;5;241m=[39m [[38;5;124mf[39m[38;5;124m'[39m[38;5;132;01m{[39;00mquartile_labels[i][38;5;132;01m}[39;00m[38;5;124m ([39m[38;5;132;01m{[39;00m[43mquartile_ranges[49m[38;5;241m.[39miloc[i][[38;5;124m"[39m[38;5;124mmin[39m[38;5;124m"[39m][38;5;132;01m:[39;00m[38;5;124m.2f[39m[38;5;132;01m}[39;00m[38;5;124m - [39m[38;5;132;01m{[39;00mquartile_ranges[38;5;241m.[39miloc[i][[38;5;124m"[39m[38;5;124mmax[39m[38;5;124m"[39m][38;5;132;01m:[39;00m[38;5;124m.2f[39m[38;5;132;01m}[39;00m[38;5;124m) [39m[38;5;132;01m{[39;00munit[38;5;132;01m}[39;00m[38;5;124m'[39m [38;5;28;01mfor[39;00m i [38;5;129;01min[39;00m [38;5;28mrange[39m([38;5;241m4[39m)]
[1;32m      6[0m legend_patches [38;5;241m=[39m [mpatches[38;5;241m.[39mPatch(facecolor[38;5;241m=[39mcolors[i], edgecolor[38;5;241m=[39m[38;5;124m'[39m[38;5;124mblack[39m[38;5;124m'[39m, label[38;5;241m=[39mlegend_labels[i]) [38;5;28;01mfor[39;00m i [38;5;129;01min[39;00m [38;5;28mrange[39m([38;5;241m4[39m)]

[0;31mNameError[0m: name 'quartile_ranges' is not defined

